# JRE version: OpenJDK Runtime Environment (21.0.3) (build 21.0.3+-12282718-b509.11)
# Java VM: OpenJDK 64-Bit Server VM (21.0.3+-12282718-b509.11, mixed mode, tiered, compressed oops, compressed class ptrs, g1 gc, windows-amd64)
GC Precious Log:
 CardTable entry size: 512
 Card Set container configuration: InlinePtr #cards 5 size 8 Array Of Cards #cards 12 size 40 Howl #buckets 4 coarsen threshold 1843 Howl Bitmap #cards 512 size 80 coarsen threshold 460 Card regions per heap region 1 cards per card region 2048
 CPUs: 12 total, 12 available
 Memory: 16052M
 Large Page Support: Disabled
 NUMA Support: Disabled
 Compressed Oops: Enabled (32-bit)
 Heap Region Size: 1M
 Heap Min Capacity: 8M
 Heap Initial Capacity: 252M
 Heap Max Capacity: 2G
 Pre-touch: Disabled
 Parallel Workers: 10
 Concurrent Workers: 3
 Concurrent Refinement Workers: 10
 Periodic GC: Disabled
Heap:
 garbage-first heap   total 435200K, used 161379K [0x0000000080000000, 0x0000000100000000)
  region size 1024K, 29 young (29696K), 29 survivors (29696K)
 Metaspace       used 214409K, committed 216512K, reserved 1245184K
  class space    used 27448K, committed 28480K, reserved 1048576K
GC Heap History (20 events):
Event: 11355.106 GC heap after
{Heap after GC invocations=186 (full 0):
 garbage-first heap   total 894976K, used 345409K [0x0000000080000000, 0x0000000100000000)
  region size 1024K, 49 young (50176K), 49 survivors (50176K)
 Metaspace       used 186025K, committed 187840K, reserved 1245184K
  class space    used 23538K, committed 24448K, reserved 1048576K
}
Event: 11355.249 GC heap before
{Heap before GC invocations=186 (full 0):
 garbage-first heap   total 894976K, used 798017K [0x0000000080000000, 0x0000000100000000)
  region size 1024K, 491 young (502784K), 49 survivors (50176K)
 Metaspace       used 186025K, committed 187840K, reserved 1245184K
  class space    used 23538K, committed 24448K, reserved 1048576K
}
Event: 11355.267 GC heap after
{Heap after GC invocations=187 (full 0):
 garbage-first heap   total 894976K, used 334813K [0x0000000080000000, 0x0000000100000000)
  region size 1024K, 31 young (31744K), 31 survivors (31744K)
 Metaspace       used 186025K, committed 187840K, reserved 1245184K
  class space    used 23538K, committed 24448K, reserved 1048576K
}
Event: 11355.425 GC heap before
{Heap before GC invocations=187 (full 0):
 garbage-first heap   total 894976K, used 816093K [0x0000000080000000, 0x0000000100000000)
  region size 1024K, 501 young (513024K), 31 survivors (31744K)
 Metaspace       used 186026K, committed 187840K, reserved 1245184K
  class space    used 23538K, committed 24448K, reserved 1048576K
}
Event: 11355.437 GC heap after
{Heap after GC invocations=188 (full 0):
 garbage-first heap   total 894976K, used 338397K [0x0000000080000000, 0x0000000100000000)
  region size 1024K, 34 young (34816K), 34 survivors (34816K)
 Metaspace       used 186026K, committed 187840K, reserved 1245184K
  class space    used 23538K, committed 24448K, reserved 1048576K
}
Event: 11355.689 GC heap before
{Heap before GC invocations=189 (full 0):
 garbage-first heap   total 949248K, used 781789K [0x0000000080000000, 0x0000000100000000)
  region size 1024K, 496 young (507904K), 34 survivors (34816K)
 Metaspace       used 186028K, committed 187840K, reserved 1245184K
  class space    used 23538K, committed 24448K, reserved 1048576K
}
Event: 11355.705 GC heap after
{Heap after GC invocations=190 (full 0):
 garbage-first heap   total 949248K, used 318976K [0x0000000080000000, 0x0000000100000000)
  region size 1024K, 29 young (29696K), 29 survivors (29696K)
 Metaspace       used 186028K, committed 187840K, reserved 1245184K
  class space    used 23538K, committed 24448K, reserved 1048576K
}
Event: 11355.911 GC heap before
{Heap before GC invocations=190 (full 0):
 garbage-first heap   total 949248K, used 858624K [0x0000000080000000, 0x0000000100000000)
  region size 1024K, 556 young (569344K), 29 survivors (29696K)
 Metaspace       used 186031K, committed 187840K, reserved 1245184K
  class space    used 23538K, committed 24448K, reserved 1048576K
}
Event: 11355.918 GC heap after
{Heap after GC invocations=191 (full 0):
 garbage-first heap   total 949248K, used 306426K [0x0000000080000000, 0x0000000100000000)
  region size 1024K, 19 young (19456K), 19 survivors (19456K)
 Metaspace       used 186031K, committed 187840K, reserved 1245184K
  class space    used 23538K, committed 24448K, reserved 1048576K
}
Event: 11356.118 GC heap before
{Heap before GC invocations=191 (full 0):
 garbage-first heap   total 949248K, used 855290K [0x0000000080000000, 0x0000000100000000)
  region size 1024K, 556 young (569344K), 19 survivors (19456K)
 Metaspace       used 186034K, committed 187840K, reserved 1245184K
  class space    used 23538K, committed 24448K, reserved 1048576K
}
Event: 11356.128 GC heap after
{Heap after GC invocations=192 (full 0):
 garbage-first heap   total 949248K, used 292081K [0x0000000080000000, 0x0000000100000000)
  region size 1024K, 25 young (25600K), 25 survivors (25600K)
 Metaspace       used 186034K, committed 187840K, reserved 1245184K
  class space    used 23538K, committed 24448K, reserved 1048576K
}
Event: 11356.436 GC heap before
{Heap before GC invocations=192 (full 0):
 garbage-first heap   total 949248K, used 834801K [0x0000000080000000, 0x0000000100000000)
  region size 1024K, 556 young (569344K), 25 survivors (25600K)
 Metaspace       used 186038K, committed 187840K, reserved 1245184K
  class space    used 23538K, committed 24448K, reserved 1048576K
}
Event: 11356.445 GC heap after
{Heap after GC invocations=193 (full 0):
 garbage-first heap   total 949248K, used 289116K [0x0000000080000000, 0x0000000100000000)
  region size 1024K, 22 young (22528K), 22 survivors (22528K)
 Metaspace       used 186038K, committed 187840K, reserved 1245184K
  class space    used 23538K, committed 24448K, reserved 1048576K
}
Event: 11356.851 GC heap before
{Heap before GC invocations=194 (full 0):
 garbage-first heap   total 949248K, used 834908K [0x0000000080000000, 0x0000000100000000)
  region size 1024K, 556 young (569344K), 22 survivors (22528K)
 Metaspace       used 186038K, committed 187840K, reserved 1245184K
  class space    used 23538K, committed 24448K, reserved 1048576K
}
Event: 11356.860 GC heap after
{Heap after GC invocations=195 (full 0):
 garbage-first heap   total 949248K, used 288738K [0x0000000080000000, 0x0000000100000000)
  region size 1024K, 22 young (22528K), 22 survivors (22528K)
 Metaspace       used 186038K, committed 187840K, reserved 1245184K
  class space    used 23538K, committed 24448K, reserved 1048576K
}
Event: 14956.654 GC heap before
{Heap before GC invocations=195 (full 0):
 garbage-first heap   total 949248K, used 873442K [0x0000000080000000, 0x0000000100000000)
  region size 1024K, 533 young (545792K), 22 survivors (22528K)
 Metaspace       used 186061K, committed 187840K, reserved 1245184K
  class space    used 23538K, committed 24448K, reserved 1048576K
}
Event: 14957.482 GC heap after
{Heap after GC invocations=196 (full 1):
 garbage-first heap   total 434176K, used 124515K [0x0000000080000000, 0x0000000100000000)
  region size 1024K, 0 young (0K), 0 survivors (0K)
 Metaspace       used 186061K, committed 187840K, reserved 1245184K
  class space    used 23538K, committed 24448K, reserved 1048576K
}
Event: 15693.232 GC heap before
{Heap before GC invocations=196 (full 1):
 garbage-first heap   total 434176K, used 287331K [0x0000000080000000, 0x0000000100000000)
  region size 1024K, 161 young (164864K), 0 survivors (0K)
 Metaspace       used 203185K, committed 204992K, reserved 1245184K
  class space    used 26095K, committed 27008K, reserved 1048576K
}
Event: 15693.252 GC heap after
{Heap after GC invocations=197 (full 1):
 garbage-first heap   total 434176K, used 130939K [0x0000000080000000, 0x0000000100000000)
  region size 1024K, 7 young (7168K), 7 survivors (7168K)
 Metaspace       used 203185K, committed 204992K, reserved 1245184K
  class space    used 26095K, committed 27008K, reserved 1048576K
}
Event: 15698.336 GC heap before
{Heap before GC invocations=198 (full 1):
 garbage-first heap   total 434176K, used 398203K [0x0000000080000000, 0x0000000100000000)
  region size 1024K, 254 young (260096K), 7 survivors (7168K)
 Metaspace       used 214409K, committed 216512K, reserved 1245184K
  class space    used 27448K, committed 28480K, reserved 1048576K
}

